Drill report for irinput_b1.kicad_pcb
Created on Sat Mar 12 15:31:06 2022

Copper Layer Stackup:
    =============================================================
    L1 :  F.Cu                      front
    L2 :  B.Cu                      back


Drill file 'irinput_b1.drl' contains
    plated through holes:
    =============================================================
    T1  0.700mm  0.0276"  (3 holes)
    T2  0.800mm  0.0315"  (57 holes)  (with 3 slots)
    T3  0.900mm  0.0354"  (4 holes)
    T4  1.000mm  0.0394"  (15 holes)
    T5  1.016mm  0.0400"  (10 holes)
    T6  1.100mm  0.0433"  (10 holes)  (with 6 slots)
    T7  2.100mm  0.0827"  (12 holes)

    Total plated holes count 111


Not plated through holes are merged with plated holes
    unplated through holes:
    =============================================================
    T8  3.200mm  0.1260"  (2 holes)

    Total unplated holes count 2
